Testsuite: lift.test.Lift2Test
Tests run: 46, Failures: 14, Errors: 9, Skipped: 0, Time elapsed: 0,068 sec

Testcase: testTransitionBeginMoveDown took 0,009 sec
	Caused an ERROR
Precondition failed: L'ascenseur n'est pas prét en descente
lift.contracts.PreconditionError: Precondition failed: L'ascenseur n'est pas prét en descente
	at lift.contracts.LiftContract.beginMoveDown(LiftContract.java:213)
	at lift.test.AbstractLiftTest.testTransitionBeginMoveDown(AbstractLiftTest.java:762)

Testcase: testTransitionStepMoveDown took 0 sec
	Caused an ERROR
Precondition failed: L'ascenseur n'est pas prét en descente
lift.contracts.PreconditionError: Precondition failed: L'ascenseur n'est pas prét en descente
	at lift.contracts.LiftContract.beginMoveDown(LiftContract.java:213)
	at lift.test.AbstractLiftTest.testTransitionStepMoveDown(AbstractLiftTest.java:777)

Testcase: testTransitionEndMoveDown took 0 sec
	Caused an ERROR
Precondition failed: L'ascenseur ne descend pas
lift.contracts.PreconditionError: Precondition failed: L'ascenseur ne descend pas
	at lift.contracts.LiftContract.stepMoveDown(LiftContract.java:245)
	at lift.test.AbstractLiftTest.testTransitionEndMoveDown(AbstractLiftTest.java:795)

Testcase: testTransitionOpenDoor took 0,001 sec
	FAILED
null
junit.framework.AssertionFailedError
	at lift.test.AbstractLiftTest.testTransitionOpenDoor(AbstractLiftTest.java:818)

Testcase: testTransitionCloseDoor took 0 sec
	Caused an ERROR
Precondition failed: La porte n'est pas fermée
lift.contracts.PreconditionError: Precondition failed: La porte n'est pas fermée
	at lift.contracts.LiftContract.openDoor(LiftContract.java:314)
	at lift.test.AbstractLiftTest.testTransitionCloseDoor(AbstractLiftTest.java:828)

Testcase: testTransitionDoorAck took 0 sec
	Caused an ERROR
Precondition failed: La porte n'est pas fermée
lift.contracts.PreconditionError: Precondition failed: La porte n'est pas fermée
	at lift.contracts.LiftContract.openDoor(LiftContract.java:314)
	at lift.test.AbstractLiftTest.testTransitionDoorAck(AbstractLiftTest.java:844)

Testcase: testTransitionSelectLevel took 0 sec
	Caused an ERROR
Cannot insert '4': already in list
java.lang.IllegalStateException: Cannot insert '4': already in list
	at lift.impl.CommandsImpl.insertSorted(CommandsImpl.java:139)
	at lift.impl.CommandsImpl.addUpCommand(CommandsImpl.java:58)
	at lift.contracts.LiftContract.selectLevel(LiftContract.java:464)
	at lift.test.AbstractLiftTest.testTransitionSelectLevel(AbstractLiftTest.java:866)

Testcase: testInitNegatif took 0 sec
Testcase: testInitNegatif2 took 0 sec
Testcase: testBeginMoveUpPositif took 0 sec
	FAILED
post BeginMoveUpPositif
junit.framework.AssertionFailedError: post BeginMoveUpPositif
	at lift.test.AbstractLiftTest.testBeginMoveUpPositif(AbstractLiftTest.java:131)

Testcase: testBeginMoveUpNegatif took 0 sec
Testcase: testBeginMoveUpNegatif2 took 0 sec
Testcase: testStepMoveUpPositif took 0,001 sec
	FAILED
truc
junit.framework.AssertionFailedError: truc
	at lift.test.AbstractLiftTest.testStepMoveUpPositif(AbstractLiftTest.java:190)

Testcase: testStepMoveUpNegatif took 0 sec
Testcase: testStepMoveUpNegatif2 took 0 sec
Testcase: testEndMoveUpPositif took 0 sec
	FAILED
truc
junit.framework.AssertionFailedError: truc
	at lift.test.AbstractLiftTest.testEndMoveUpPositif(AbstractLiftTest.java:246)

Testcase: testEndMoveUpNegatif took 0 sec
Testcase: testEndMoveUpNegatif2 took 0 sec
Testcase: testBeginMoveDownPositif took 0 sec
Testcase: testBeginMoveDownNegatif took 0 sec
Testcase: testBeginMoveDownNegatif2 took 0,001 sec
Testcase: testStepMoveDownPositif took 0 sec
	FAILED
Truc
junit.framework.AssertionFailedError: Truc
	at lift.test.AbstractLiftTest.testStepMoveDownPositif(AbstractLiftTest.java:360)

Testcase: testStepMoveDownNegatif took 0 sec
Testcase: testStepMoveDownNegatif2 took 0 sec
Testcase: testEndMoveDownPositif took 0 sec
	FAILED
truc
junit.framework.AssertionFailedError: truc
	at lift.test.AbstractLiftTest.testEndMoveDownPositif(AbstractLiftTest.java:415)

Testcase: testEndMoveDownNegatif took 0 sec
Testcase: testEndMoveDownNegatif2 took 0 sec
Testcase: testOpenDoorPositif took 0 sec
	FAILED
truc
junit.framework.AssertionFailedError: truc
	at lift.test.AbstractLiftTest.testOpenDoorPositif(AbstractLiftTest.java:472)

Testcase: testOpenDoorNegatif took 0 sec
Testcase: testOpenDoorNegatif2 took 0 sec
Testcase: testCloseDoorPositif took 0,001 sec
	FAILED
truc
junit.framework.AssertionFailedError: truc
	at lift.test.AbstractLiftTest.testCloseDoorPositif(AbstractLiftTest.java:521)

Testcase: testCloseDoorNegatif took 0 sec
Testcase: testCloseDoorNegatif2 took 0 sec
Testcase: testDoorAckPositif took 0 sec
	FAILED
truc
junit.framework.AssertionFailedError: truc
	at lift.test.AbstractLiftTest.testDoorAckPositif(AbstractLiftTest.java:567)

Testcase: testDoorAckPositif2 took 0 sec
	FAILED
truc
junit.framework.AssertionFailedError: truc
	at lift.test.AbstractLiftTest.testDoorAckPositif2(AbstractLiftTest.java:582)

Testcase: testDoorAckNegatif took 0 sec
Testcase: testSelectLevelPositif took 0 sec
	FAILED
truc
junit.framework.AssertionFailedError: truc
	at lift.test.AbstractLiftTest.testSelectLevelPositif(AbstractLiftTest.java:612)

Testcase: testSelectLevelPositif2 took 0,001 sec
	FAILED
truc
junit.framework.AssertionFailedError: truc
	at lift.test.AbstractLiftTest.testSelectLevelPositif2(AbstractLiftTest.java:627)

Testcase: testSelectLevelPositif3 took 0 sec
	FAILED
truc
junit.framework.AssertionFailedError: truc
	at lift.test.AbstractLiftTest.testSelectLevelPositif3(AbstractLiftTest.java:643)

Testcase: testSelectLevelNegatif took 0 sec
Testcase: testSelectLevelNegatif2 took 0,001 sec
Testcase: testTransitionInit took 0 sec
	FAILED
commands init == new Commands()
junit.framework.AssertionFailedError: commands init == new Commands()
	at lift.test.AbstractLiftTest.testTransitionInit(AbstractLiftTest.java:698)

Testcase: testTransitionBeginMoveUp took 0 sec
	Caused an ERROR
Precondition failed: L'ascenseur n'est pas prêt en montée
lift.contracts.PreconditionError: Precondition failed: L'ascenseur n'est pas prêt en montée
	at lift.contracts.LiftContract.beginMoveUp(LiftContract.java:106)
	at lift.test.AbstractLiftTest.testTransitionBeginMoveUp(AbstractLiftTest.java:710)

Testcase: testTransitionStepMoveUp took 0,001 sec
	Caused an ERROR
Precondition failed: L'ascenseur n'est pas prêt en montée
lift.contracts.PreconditionError: Precondition failed: L'ascenseur n'est pas prêt en montée
	at lift.contracts.LiftContract.beginMoveUp(LiftContract.java:106)
	at lift.test.AbstractLiftTest.testTransitionStepMoveUp(AbstractLiftTest.java:725)

Testcase: testTransitionEndMoveUp took 0 sec
	Caused an ERROR
Precondition failed: L'ascenseur ne monte pas
lift.contracts.PreconditionError: Precondition failed: L'ascenseur ne monte pas
	at lift.contracts.LiftContract.stepMoveUp(LiftContract.java:139)
	at lift.test.AbstractLiftTest.testTransitionEndMoveUp(AbstractLiftTest.java:742)

Testcase: testInitPositif took 0 sec
